INFO:rasa_nlu.training_data.loading:Training data format of ./data/nlu.md is md
INFO:rasa_nlu.training_data.training_data:Training data stats: 
	- intent examples: 25 (6 distinct intents)
	- Found intents: 'fine_ask', 'bye', 'news', 'fine_normal', 'thanks', 'greet'
	- entity examples: 9 (1 distinct entities)
	- found entities: 'category'

INFO:rasa_nlu.training_data.loading:Training data format of ./data/nlu.md is md
INFO:rasa_nlu.training_data.training_data:Training data stats: 
	- intent examples: 25 (6 distinct intents)
	- Found intents: 'greet', 'fine_ask', 'thanks', 'news', 'fine_normal', 'bye'
	- entity examples: 9 (1 distinct entities)
	- found entities: 'category'

WARNING:rasa_nlu.config:You have specified the pipeline template 'spacy_sklearn' which has been renamed to 'pretrained_embeddings_spacy'. Please update your code as it will no longer work with future versions of Rasa NLU.
INFO:rasa_nlu.utils.spacy_utils:Trying to load spacy model with name 'en'
INFO:rasa_nlu.components:Added 'SpacyNLP' to component cache. Key 'SpacyNLP-en'.
DEBUG:rasa_nlu.training_data.training_data:Validating training data...
INFO:rasa_nlu.model:Starting to train component SpacyNLP
INFO:rasa_nlu.model:Finished training component.
INFO:rasa_nlu.model:Starting to train component SpacyTokenizer
INFO:rasa_nlu.model:Finished training component.
INFO:rasa_nlu.model:Starting to train component SpacyFeaturizer
INFO:rasa_nlu.model:Finished training component.
INFO:rasa_nlu.model:Starting to train component RegexFeaturizer
INFO:rasa_nlu.model:Finished training component.
INFO:rasa_nlu.model:Starting to train component CRFEntityExtractor
INFO:rasa_nlu.model:Finished training component.
INFO:rasa_nlu.model:Starting to train component EntitySynonymMapper
INFO:rasa_nlu.model:Finished training component.
INFO:rasa_nlu.model:Starting to train component SklearnIntentClassifier
INFO:rasa_nlu.model:Finished training component.
INFO:rasa_nlu.model:Successfully saved model into '/home/badcode/dementiabot/models/current/nlu'
INFO:rasa_nlu.components:Added 'SpacyNLP' to component cache. Key 'SpacyNLP-en'.
